<?xml version="1.0" encoding="UTF-8"?>
<!-- Generated by org.testng.reporters.JUnitReportReporter -->
<testsuite hostname="Akriti" failures="0" tests="1" name="com.ShopperStack_TestScripts.Verify_user_is_able_to_delete_address_or_not_Test" time="21.808" errors="0" timestamp="2024-07-29T09:24:22 IST" skipped="0">
  <testcase classname="com.ShopperStack_TestScripts.Verify_user_is_able_to_delete_address_or_not_Test" name="deleteAddress" time="21.808"/>
</testsuite> <!-- com.ShopperStack_TestScripts.Verify_user_is_able_to_delete_address_or_not_Test -->
