<?xml version="1.0" encoding="UTF-8"?>
<!-- Generated by org.testng.reporters.JUnitReportReporter -->
<testsuite hostname="Akriti" failures="0" tests="1" name="com.ShopperStack_TestScripts.Verify_user_is_able_to_delete_address_or_not" time="21.099" errors="0" timestamp="2024-07-28T09:04:55 IST" skipped="0">
  <testcase classname="com.ShopperStack_TestScripts.Verify_user_is_able_to_delete_address_or_not" name="deleteAddress" time="21.099"/>
</testsuite> <!-- com.ShopperStack_TestScripts.Verify_user_is_able_to_delete_address_or_not -->
