<?xml version="1.0" encoding="UTF-8"?>
<!-- Generated by org.testng.reporters.JUnitReportReporter -->
<testsuite hostname="Akriti" failures="0" tests="1" name="com.ShopperStack_TestScripts.Verify_user_is_able_to_Add_Address_or_not" time="11.467" errors="0" timestamp="2024-07-28T19:17:44 IST" skipped="0">
  <testcase classname="com.ShopperStack_TestScripts.Verify_user_is_able_to_Add_Address_or_not" name="addAddress" time="11.467"/>
</testsuite> <!-- com.ShopperStack_TestScripts.Verify_user_is_able_to_Add_Address_or_not -->
