<?xml version="1.0" encoding="UTF-8"?>
<!-- Generated by org.testng.reporters.JUnitReportReporter -->
<testsuite hostname="Akriti" failures="0" tests="1" name="com.ShopperStack_TestScripts.Verify_user_is_able_to_Add_Address_or_not_Test" time="14.419" errors="0" timestamp="2024-08-02T23:18:54 IST" skipped="0">
  <testcase classname="com.ShopperStack_TestScripts.Verify_user_is_able_to_Add_Address_or_not_Test" name="addAddress" time="14.419"/>
</testsuite> <!-- com.ShopperStack_TestScripts.Verify_user_is_able_to_Add_Address_or_not_Test -->
