<?xml version="1.0" encoding="UTF-8"?>
<!-- Generated by org.testng.reporters.JUnitReportReporter -->
<testsuite hostname="Akriti" failures="0" tests="1" name="com.ShopperStack_TestScripts.Verify_user_is_able_to_delete_address_or_not_Test" time="27.638" errors="0" timestamp="2024-07-30T09:25:37 IST" skipped="0">
  <testcase classname="com.ShopperStack_TestScripts.Verify_user_is_able_to_delete_address_or_not_Test" name="deleteAddress" time="27.638"/>
</testsuite> <!-- com.ShopperStack_TestScripts.Verify_user_is_able_to_delete_address_or_not_Test -->
